Using pre-set license
Built from '2020.3/staging' branch; Version is '2020.3.16f1 (049d6eca3c44) revision 302446'; Using compiler version '192528614'; Build Type 'Release'
OS: 'Windows 7  (6.1.0) 64bit' Language: 'ru' Physical Memory: 8075 MB
BatchMode: 1, IsHumanControllingUs: 0, StartBugReporterOnCrash: 0, Is64bit: 1, IsPro: 0

 COMMAND LINE ARGUMENTS:
C:\Program Files\Unity\Hub\Editor\2020.3.16f1\Editor\Unity.exe
-adb2
-batchMode
-noUpm
-name
AssetImportWorker0
-projectPath
C:/Users/kycaka/Documents/GitHub/drovogrelka/Drovogrel
-logFile
Logs/AssetImportWorker0.log
-srvPort
59433
Successfully changed project path to: C:/Users/kycaka/Documents/GitHub/drovogrelka/Drovogrel
C:/Users/kycaka/Documents/GitHub/drovogrelka/Drovogrel
Using Asset Import Pipeline V2.
Refreshing native plugins compatible for Editor in 44.27 ms, found 2 plugins.
Preloading 0 native plugins for Editor in 0.00 ms.
Initialize engine version: 2020.3.16f1 (049d6eca3c44)
[Subsystems] Discovering subsystems at path C:/Program Files/Unity/Hub/Editor/2020.3.16f1/Editor/Data/Resources/UnitySubsystems
[Subsystems] Discovering subsystems at path C:/Users/kycaka/Documents/GitHub/drovogrelka/Drovogrel/Assets
GfxDevice: creating device client; threaded=0
d3d11: CreateDXGIFactory2(...) not found, fallbacking to CreateDXGIFactory1(...).
d3d11: QueryInterface(IDXGIFactory5) failed (80004002).
Direct3D:
    Version:  Direct3D 11.0 [level 11.0]
    Renderer: NVIDIA GeForce GTX 1060 (ID=0x1c20)
    Vendor:   
    VRAM:     2977 MB
    Driver:   27.21.14.6140
Initialize mono
Mono path[0] = 'C:/Program Files/Unity/Hub/Editor/2020.3.16f1/Editor/Data/Managed'
Mono path[1] = 'C:/Program Files/Unity/Hub/Editor/2020.3.16f1/Editor/Data/MonoBleedingEdge/lib/mono/unityjit'
Mono config path = 'C:/Program Files/Unity/Hub/Editor/2020.3.16f1/Editor/Data/MonoBleedingEdge/etc'
Using monoOptions --debugger-agent=transport=dt_socket,embedding=1,server=y,suspend=n,address=127.0.0.1:56292
Begin MonoManager ReloadAssembly
Registering precompiled unity dll's ...
Register platform support module: C:/Program Files/Unity/Hub/Editor/2020.3.16f1/Editor/Data/PlaybackEngines/WindowsStandaloneSupport/UnityEditor.WindowsStandalone.Extensions.dll
Registered in 0.001025 seconds.
Native extension for WindowsStandalone target not found
Refreshing native plugins compatible for Editor in 53.90 ms, found 2 plugins.
Preloading 0 native plugins for Editor in 0.00 ms.
Mono: successfully reloaded assembly
- Completed reload, in  0.953 seconds
Domain Reload Profiling:
	ReloadAssembly (954ms)
		BeginReloadAssembly (46ms)
			ExecutionOrderSort (0ms)
			DisableScriptedObjects (0ms)
			BackupInstance (0ms)
			ReleaseScriptingObjects (0ms)
			CreateAndSetChildDomain (1ms)
		EndReloadAssembly (497ms)
			LoadAssemblies (44ms)
			RebuildTransferFunctionScriptingTraits (0ms)
			SetupTypeCache (193ms)
			ReleaseScriptCaches (0ms)
			RebuildScriptCaches (37ms)
			SetupLoadedEditorAssemblies (192ms)
				LogAssemblyErrors (0ms)
				InitializePlatformSupportModulesInManaged (4ms)
				SetLoadedEditorAssemblies (0ms)
				RefreshPlugins (54ms)
				BeforeProcessingInitializeOnLoad (8ms)
				ProcessInitializeOnLoadAttributes (94ms)
				ProcessInitializeOnLoadMethodAttributes (30ms)
				AfterProcessingInitializeOnLoad (0ms)
				EditorAssembliesLoaded (0ms)
			ExecutionOrderSort2 (0ms)
			AwakeInstancesAfterBackupRestoration (0ms)
Platform modules already initialized, skipping
Registering precompiled user dll's ...
Registered in 0.004617 seconds.
Begin MonoManager ReloadAssembly
Native extension for WindowsStandalone target not found
Refreshing native plugins compatible for Editor in 0.45 ms, found 2 plugins.
Preloading 0 native plugins for Editor in 0.00 ms.
Mono: successfully reloaded assembly
- Completed reload, in  1.179 seconds
Domain Reload Profiling:
	ReloadAssembly (1180ms)
		BeginReloadAssembly (164ms)
			ExecutionOrderSort (0ms)
			DisableScriptedObjects (4ms)
			BackupInstance (0ms)
			ReleaseScriptingObjects (0ms)
			CreateAndSetChildDomain (19ms)
		EndReloadAssembly (946ms)
			LoadAssemblies (89ms)
			RebuildTransferFunctionScriptingTraits (0ms)
			SetupTypeCache (341ms)
			ReleaseScriptCaches (0ms)
			RebuildScriptCaches (51ms)
			SetupLoadedEditorAssemblies (359ms)
				LogAssemblyErrors (0ms)
				InitializePlatformSupportModulesInManaged (5ms)
				SetLoadedEditorAssemblies (0ms)
				RefreshPlugins (1ms)
				BeforeProcessingInitializeOnLoad (51ms)
				ProcessInitializeOnLoadAttributes (293ms)
				ProcessInitializeOnLoadMethodAttributes (5ms)
				AfterProcessingInitializeOnLoad (3ms)
				EditorAssembliesLoaded (0ms)
			ExecutionOrderSort2 (0ms)
			AwakeInstancesAfterBackupRestoration (6ms)
Platform modules already initialized, skipping
========================================================================
Worker process is ready to serve import requests
Launched and connected shader compiler UnityShaderCompiler.exe after 0.02 seconds
Refreshing native plugins compatible for Editor in 0.50 ms, found 2 plugins.
Preloading 0 native plugins for Editor in 0.00 ms.
Unloading 1420 Unused Serialized files (Serialized files now loaded: 0)
System memory in use before: 81.2 MB.
System memory in use after: 81.3 MB.

Unloading 18 unused Assets to reduce memory usage. Loaded Objects now: 1888.
Total: 3.489667 ms (FindLiveObjects: 0.151328 ms CreateObjectMapping: 0.049227 ms MarkObjects: 3.211077 ms  DeleteObjects: 0.076211 ms)

AssetImportParameters requested are different than current active one (requested -> active):
  custom:framework-win-MediaFoundation: 216162199b28c13a410421893ffa2e32 -> 
  custom:video-decoder-ogg-theora: a1e56fd34408186e4bbccfd4996cb3dc -> 
  custom:container-muxer-webm: aa71ff27fc2769a1b78a27578f13a17b -> 
  custom:container-demuxer-webm: 4f35f7cbe854078d1ac9338744f61a02 -> 
  custom:container-demuxer-ogg: 62fdf1f143b41e24485cea50d1cbac27 -> 
  custom:video-encoder-webm-vp8: eb34c28f22e8b96e1ab97ce403110664 -> 
  custom:video-decoder-webm-vp8: 9c59270c3fd7afecdb556c50c9e8de78 -> 
  custom:audio-decoder-ogg-vorbis: bf7c407c2cedff20999df2af8eb42d56 -> 
  custom:audio-encoder-webm-vorbis: bf7c407c2cedff20999df2af8eb42d56 -> 
========================================================================
Received Import Request.
  path: Assets/Pack/SimpleTouchController/Materials/Floor.mat
  artifactKey: Guid(4dafae64b178e7e4e927c1117149993d) Importer(815301076,1909f56bfc062723c751e8b465ee728b)
Start importing Assets/Pack/SimpleTouchController/Materials/Floor.mat using Guid(4dafae64b178e7e4e927c1117149993d) Importer(815301076,1909f56bfc062723c751e8b465ee728b)  -> (artifact id: '67282f542f182e0778d90e72868513b3') in 0.295422 seconds 
  Import took 0.298836 seconds .

========================================================================
Received Import Request.
  Time since last request: 0.000249 seconds.
  path: Assets/Pack/SimpleTouchController/Materials/Walls.mat
  artifactKey: Guid(c9ccb15a2115747489913cc3f7e6874c) Importer(815301076,1909f56bfc062723c751e8b465ee728b)
Start importing Assets/Pack/SimpleTouchController/Materials/Walls.mat using Guid(c9ccb15a2115747489913cc3f7e6874c) Importer(815301076,1909f56bfc062723c751e8b465ee728b)  -> (artifact id: '5687ad9fbf84237feb19fe22695a6347') in 0.009431 seconds 
  Import took 0.012138 seconds .

========================================================================
Received Import Request.
  Time since last request: 0.000215 seconds.
  path: Assets/Pack/Cool Visual Effects - Part 1/Cold Night by AllSkyFree.png
  artifactKey: Guid(97259d0c0ea9f491692be825da27978a) Importer(815301076,1909f56bfc062723c751e8b465ee728b)
Start importing Assets/Pack/Cool Visual Effects - Part 1/Cold Night by AllSkyFree.png using Guid(97259d0c0ea9f491692be825da27978a) Importer(815301076,1909f56bfc062723c751e8b465ee728b)  -> (artifact id: 'c6c687e7dba4e3789847396712547901') in 0.178634 seconds 
  Import took 0.181549 seconds .

========================================================================
Received Import Request.
  Time since last request: 0.000238 seconds.
  path: Assets/Pack/Cool Visual Effects - Part 1/arial.ttf
  artifactKey: Guid(2fe023d45160ff249bb7f0ce55e60fb0) Importer(815301076,1909f56bfc062723c751e8b465ee728b)
Start importing Assets/Pack/Cool Visual Effects - Part 1/arial.ttf using Guid(2fe023d45160ff249bb7f0ce55e60fb0) Importer(815301076,1909f56bfc062723c751e8b465ee728b)  -> (artifact id: 'f5c09f8c26a33fe61ccb9469598b4690') in 0.026936 seconds 
  Import took 0.029639 seconds .

========================================================================
Received Import Request.
  Time since last request: 0.228176 seconds.
  path: Assets/Pack/cabin_BaseColor.png
  artifactKey: Guid(fcbce16feae72cd4f84cf0a8fcc25925) Importer(815301076,1909f56bfc062723c751e8b465ee728b)
Start importing Assets/Pack/cabin_BaseColor.png using Guid(fcbce16feae72cd4f84cf0a8fcc25925) Importer(815301076,1909f56bfc062723c751e8b465ee728b)  -> (artifact id: 'f4d9208368907eb7346784d9410187ac') in 0.009856 seconds 
  Import took 0.013146 seconds .

========================================================================
Received Import Request.
  Time since last request: 0.000310 seconds.
  path: Assets/Pack/uploads_files_2436004_cabin2.fbx
  artifactKey: Guid(725c8b73149b6ed41a3df9754d7d82a3) Importer(815301076,1909f56bfc062723c751e8b465ee728b)
Start importing Assets/Pack/uploads_files_2436004_cabin2.fbx using Guid(725c8b73149b6ed41a3df9754d7d82a3) Importer(815301076,1909f56bfc062723c751e8b465ee728b)  -> (artifact id: 'a0431da43aba851c3626addac93217d2') in 0.146395 seconds 
  Import took 0.149058 seconds .

========================================================================
Received Import Request.
  Time since last request: 0.000204 seconds.
  path: Assets/Pack/cabin_Roughness.png
  artifactKey: Guid(94dfe5b90abaf2c47bb38d57b1c1b0a1) Importer(815301076,1909f56bfc062723c751e8b465ee728b)
Start importing Assets/Pack/cabin_Roughness.png using Guid(94dfe5b90abaf2c47bb38d57b1c1b0a1) Importer(815301076,1909f56bfc062723c751e8b465ee728b)  -> (artifact id: '36f0233114ac11ab05036b4ea7735d01') in 0.008432 seconds 
  Import took 0.011151 seconds .

========================================================================
Received Import Request.
  Time since last request: 0.000200 seconds.
  path: Assets/Pack/cabin_Metalness.png
  artifactKey: Guid(a387edccec90b8b4e816c05638a0b493) Importer(815301076,1909f56bfc062723c751e8b465ee728b)
Start importing Assets/Pack/cabin_Metalness.png using Guid(a387edccec90b8b4e816c05638a0b493) Importer(815301076,1909f56bfc062723c751e8b465ee728b)  -> (artifact id: '79087c8e02a735324d75c14cb3187366') in 0.009017 seconds 
  Import took 0.012362 seconds .

========================================================================
Received Import Request.
  Time since last request: 0.000260 seconds.
  path: Assets/Pack/uploads_files_2436004_cabin2.obj
  artifactKey: Guid(fa4df731465276f41ae64b78a7c17f8e) Importer(815301076,1909f56bfc062723c751e8b465ee728b)
Start importing Assets/Pack/uploads_files_2436004_cabin2.obj using Guid(fa4df731465276f41ae64b78a7c17f8e) Importer(815301076,1909f56bfc062723c751e8b465ee728b)  -> (artifact id: '2df8267831efed549353a4fdd7fc67f0') in 0.025160 seconds 
  Import took 0.028293 seconds .

========================================================================
Received Import Request.
  Time since last request: 0.000191 seconds.
  path: Assets/Pack/cabin_Normal.png
  artifactKey: Guid(301f407da64c7bd48ac67e80d7492481) Importer(815301076,1909f56bfc062723c751e8b465ee728b)
Start importing Assets/Pack/cabin_Normal.png using Guid(301f407da64c7bd48ac67e80d7492481) Importer(815301076,1909f56bfc062723c751e8b465ee728b)  -> (artifact id: '767636ea28e1b479dcbc98845f9de599') in 0.012461 seconds 
  Import took 0.015726 seconds .

AssetImportWorkerClient::OnTransportError - code=2 error=End of file
